<?xml version="1.0" encoding="UTF-8"?>
<!-- Generated by org.testng.reporters.JUnitXMLReporter -->
<testsuite hostname="LAPTOP-N6S0G408" ignored="0" name="Test" tests="2" failures="1" timestamp="2022-01-28T19:33:52 IST" time="2.06" errors="0">
  <testcase name="loginTest" time="1.702" classname="com.tests.LoginTest"/>
  <testcase name="failedTest" time="0.015" classname="com.tests.LoginTest">
    <failure type="java.lang.AssertionError" message="expected [JavaByKiran | Log in] but found [JavaByKiran | Dashboard]">
      <![CDATA[java.lang.AssertionError: expected [JavaByKiran | Log in] but found [JavaByKiran | Dashboard]
at com.tests.LoginTest.failedTest(LoginTest.java:33)
at java.util.ArrayList.forEach(ArrayList.java:1249)
... Removed 33 stack frames]]>
    </failure>
  </testcase> <!-- failedTest -->
</testsuite> <!-- Test -->
